<?xml version="1.0" encoding="UTF-8"?>
<testsuite xmlns:xsi="http://www.w3.org/2001/XMLSchema-instance" xsi:noNamespaceSchemaLocation="https://maven.apache.org/surefire/maven-surefire-plugin/xsd/surefire-test-report.xsd" name="com.xuanbing.PartMemberManagerSystemApplicationTests" time="4.367" tests="2" errors="0" skipped="0" failures="0">
  <properties>
[...]
</properties>
  <testcase name="testTeacherMapper" classname="com.xuanbing.PartMemberManagerSystemApplicationTests" time="1.379"/>
  <testcase name="contextLoads" classname="com.xuanbing.PartMemberManagerSystemApplicationTests" time="0.005"/>
</testsuite>